<?xml version="1.0" encoding="UTF-8"?>
<testng-results skipped="0" failed="0" total="6" passed="6">
  <reporter-output>
  </reporter-output>
  <suite name="manish-suite" duration-ms="31611" started-at="2020-09-22T02:24:59Z" finished-at="2020-09-22T02:25:30Z">
    <groups>
    </groups>
    <test name="test-suite" duration-ms="31611" started-at="2020-09-22T02:24:59Z" finished-at="2020-09-22T02:25:30Z">
      <class name="myPack.Manish">
        <test-method status="PASS" signature="addEmp()[pri:0, instance:myPack.Manish@2752f6e2]" name="addEmp" duration-ms="25047" started-at="2020-09-22T07:54:59Z" finished-at="2020-09-22T07:55:24Z">
          <reporter-output>
          </reporter-output>
        </test-method> <!-- addEmp -->
        <test-method status="PASS" signature="addLocation()[pri:0, instance:myPack.Manish@2752f6e2]" name="addLocation" duration-ms="0" started-at="2020-09-22T07:55:24Z" finished-at="2020-09-22T07:55:24Z">
          <reporter-output>
          </reporter-output>
        </test-method> <!-- addLocation -->
        <test-method status="PASS" signature="deleteLocation()[pri:0, instance:myPack.Manish@2752f6e2]" name="deleteLocation" duration-ms="1" started-at="2020-09-22T07:55:24Z" finished-at="2020-09-22T07:55:24Z">
          <reporter-output>
          </reporter-output>
        </test-method> <!-- deleteLocation -->
        <test-method status="PASS" signature="editEmp()[pri:0, instance:myPack.Manish@2752f6e2]" name="editEmp" duration-ms="0" started-at="2020-09-22T07:55:24Z" finished-at="2020-09-22T07:55:24Z">
          <reporter-output>
          </reporter-output>
        </test-method> <!-- editEmp -->
        <test-method status="PASS" signature="editLocation()[pri:0, instance:myPack.Manish@2752f6e2]" name="editLocation" duration-ms="0" started-at="2020-09-22T07:55:24Z" finished-at="2020-09-22T07:55:24Z">
          <reporter-output>
          </reporter-output>
        </test-method> <!-- editLocation -->
        <test-method status="PASS" signature="verifyLogin()[pri:0, instance:myPack.Manish@2752f6e2]" name="verifyLogin" duration-ms="6547" started-at="2020-09-22T07:55:24Z" finished-at="2020-09-22T07:55:30Z">
          <reporter-output>
          </reporter-output>
        </test-method> <!-- verifyLogin -->
      </class> <!-- myPack.Manish -->
    </test> <!-- test-suite -->
  </suite> <!-- manish-suite -->
</testng-results>
